[0728/215859.751:WARNING:spdy_session.cc(3365)] Received HEADERS for invalid stream 19
[0728/215859.757:WARNING:spdy_session.cc(3365)] Received HEADERS for invalid stream 17
[0728/215859.767:WARNING:spdy_session.cc(3365)] Received HEADERS for invalid stream 13
[0728/215859.769:WARNING:spdy_session.cc(3365)] Received HEADERS for invalid stream 21
[0728/215859.785:WARNING:spdy_session.cc(3365)] Received HEADERS for invalid stream 15
[0728/215859.785:WARNING:spdy_session.cc(3365)] Received HEADERS for invalid stream 23
[0728/215859.789:WARNING:spdy_session.cc(3365)] Received HEADERS for invalid stream 27
[0728/215859.792:WARNING:spdy_session.cc(3365)] Received HEADERS for invalid stream 25
[0728/215859.796:WARNING:spdy_session.cc(3365)] Received HEADERS for invalid stream 29
[0728/215859.802:WARNING:spdy_session.cc(3365)] Received HEADERS for invalid stream 33
[0728/215859.817:WARNING:spdy_session.cc(3365)] Received HEADERS for invalid stream 31
[0728/215859.817:WARNING:spdy_session.cc(3365)] Received HEADERS for invalid stream 35
[0728/215900.731:WARNING:spdy_session.cc(3365)] Received HEADERS for invalid stream 37
[0728/215900.787:WARNING:spdy_session.cc(3365)] Received HEADERS for invalid stream 39
[0728/215900.787:WARNING:spdy_session.cc(3365)] Received HEADERS for invalid stream 43
[0728/215900.787:WARNING:spdy_session.cc(3365)] Received HEADERS for invalid stream 45
[0728/215900.787:WARNING:spdy_session.cc(3365)] Received HEADERS for invalid stream 41
[0728/215900.787:WARNING:spdy_session.cc(3365)] Received HEADERS for invalid stream 47
[0728/215900.787:WARNING:spdy_session.cc(3365)] Received HEADERS for invalid stream 49
[0728/215900.787:WARNING:spdy_session.cc(3365)] Received HEADERS for invalid stream 51
[0728/215900.787:WARNING:spdy_session.cc(3365)] Received HEADERS for invalid stream 53
[0728/215900.787:WARNING:spdy_session.cc(3365)] Received HEADERS for invalid stream 55
[0728/215900.787:WARNING:spdy_session.cc(3365)] Received HEADERS for invalid stream 59
[0728/215900.787:WARNING:spdy_session.cc(3365)] Received HEADERS for invalid stream 57
[0728/215900.787:WARNING:spdy_session.cc(3365)] Received HEADERS for invalid stream 63
[0728/215900.787:WARNING:spdy_session.cc(3365)] Received HEADERS for invalid stream 61
[0728/215900.787:WARNING:spdy_session.cc(3365)] Received HEADERS for invalid stream 69
[0728/215900.787:WARNING:spdy_session.cc(3365)] Received HEADERS for invalid stream 67
[0728/215900.787:WARNING:spdy_session.cc(3365)] Received HEADERS for invalid stream 71
[0728/215900.787:WARNING:spdy_session.cc(3365)] Received HEADERS for invalid stream 75
[0728/215900.787:WARNING:spdy_session.cc(3365)] Received HEADERS for invalid stream 81
[0728/215900.787:WARNING:spdy_session.cc(3365)] Received HEADERS for invalid stream 91
[0728/215900.787:WARNING:spdy_session.cc(3365)] Received HEADERS for invalid stream 83
[0728/215900.787:WARNING:spdy_session.cc(3365)] Received HEADERS for invalid stream 65
[0728/215900.787:WARNING:spdy_session.cc(3365)] Received HEADERS for invalid stream 79
[0728/215900.787:WARNING:spdy_session.cc(3365)] Received HEADERS for invalid stream 73
[0728/215900.787:WARNING:spdy_session.cc(3365)] Received HEADERS for invalid stream 77
[0728/215900.787:WARNING:spdy_session.cc(3365)] Received HEADERS for invalid stream 95
[0728/215900.787:WARNING:spdy_session.cc(3365)] Received HEADERS for invalid stream 97
[0728/215900.787:WARNING:spdy_session.cc(3365)] Received HEADERS for invalid stream 99
[0728/215900.787:WARNING:spdy_session.cc(3365)] Received HEADERS for invalid stream 87
[0728/215900.787:WARNING:spdy_session.cc(3365)] Received HEADERS for invalid stream 93
[0728/215900.787:WARNING:spdy_session.cc(3365)] Received HEADERS for invalid stream 89
[0728/215900.787:WARNING:spdy_session.cc(3365)] Received HEADERS for invalid stream 85
[0728/215900.787:WARNING:spdy_session.cc(3365)] Received HEADERS for invalid stream 101
[0728/215900.787:WARNING:spdy_session.cc(3365)] Received HEADERS for invalid stream 107
[0728/215900.787:WARNING:spdy_session.cc(3365)] Received HEADERS for invalid stream 105
[0728/215900.788:WARNING:spdy_session.cc(3365)] Received HEADERS for invalid stream 111
[0728/215900.789:WARNING:spdy_session.cc(3365)] Received HEADERS for invalid stream 103
[0728/215900.789:WARNING:spdy_session.cc(3365)] Received HEADERS for invalid stream 109
[0728/215900.789:WARNING:spdy_session.cc(3365)] Received HEADERS for invalid stream 113
[0728/221919.628:ERROR:backend_impl.cc(1041)] Critical error found -8
[0728/221920.609:WARNING:storage_block-inl.h(146)] Failed data load.
[0728/221920.610:WARNING:storage_block-inl.h(146)] Failed data load.
[0728/221920.610:WARNING:storage_block-inl.h(146)] Failed data load.
[0728/221920.612:WARNING:storage_block-inl.h(146)] Failed data load.
[0728/221920.612:ERROR:entry_impl.cc(998)] Failed to save user data
[0728/221920.612:ERROR:entry_impl.cc(998)] Failed to save user data
[0728/221932.815:WARNING:spdy_session.cc(3365)] Received HEADERS for invalid stream 35
[0728/221933.372:WARNING:spdy_session.cc(3365)] Received HEADERS for invalid stream 55
[0728/221933.372:WARNING:spdy_session.cc(3365)] Received HEADERS for invalid stream 47
[0728/221933.372:WARNING:spdy_session.cc(3365)] Received HEADERS for invalid stream 49
[0728/221933.372:WARNING:spdy_session.cc(3365)] Received HEADERS for invalid stream 53
[0728/221933.518:WARNING:spdy_session.cc(3365)] Received HEADERS for invalid stream 51
[0728/221933.518:WARNING:spdy_session.cc(3365)] Received HEADERS for invalid stream 59
[0728/221933.518:WARNING:spdy_session.cc(3365)] Received HEADERS for invalid stream 63
[0728/221933.518:WARNING:spdy_session.cc(3365)] Received HEADERS for invalid stream 61
[0728/221933.518:WARNING:spdy_session.cc(3365)] Received HEADERS for invalid stream 57
[0728/221933.519:WARNING:spdy_session.cc(3365)] Received HEADERS for invalid stream 65
[0728/221933.519:WARNING:spdy_session.cc(3365)] Received HEADERS for invalid stream 67
[0728/221933.519:WARNING:spdy_session.cc(3365)] Received HEADERS for invalid stream 73
[0728/221933.519:WARNING:spdy_session.cc(3365)] Received HEADERS for invalid stream 71
[0728/221933.519:WARNING:spdy_session.cc(3365)] Received HEADERS for invalid stream 69
[0728/221933.853:WARNING:spdy_session.cc(3365)] Received HEADERS for invalid stream 81
[0728/221933.853:WARNING:spdy_session.cc(3365)] Received HEADERS for invalid stream 77
[0728/221933.853:WARNING:spdy_session.cc(3365)] Received HEADERS for invalid stream 79
[0728/221933.853:WARNING:spdy_session.cc(3365)] Received HEADERS for invalid stream 85
[0728/221933.853:WARNING:spdy_session.cc(3365)] Received HEADERS for invalid stream 75
[0728/221933.862:WARNING:spdy_session.cc(3365)] Received HEADERS for invalid stream 83
[0728/221933.900:WARNING:spdy_session.cc(3365)] Received HEADERS for invalid stream 89
[0728/221933.900:WARNING:spdy_session.cc(3365)] Received HEADERS for invalid stream 87
[0728/221933.901:WARNING:spdy_session.cc(3365)] Received HEADERS for invalid stream 91
[0728/221933.901:WARNING:spdy_session.cc(3365)] Received HEADERS for invalid stream 93
[0728/221933.901:WARNING:spdy_session.cc(3365)] Received HEADERS for invalid stream 97
[0728/221933.901:WARNING:spdy_session.cc(3365)] Received HEADERS for invalid stream 101
[0728/221933.901:WARNING:spdy_session.cc(3365)] Received HEADERS for invalid stream 99
[0728/221933.901:WARNING:spdy_session.cc(3365)] Received HEADERS for invalid stream 109
[0728/221933.901:WARNING:spdy_session.cc(3365)] Received HEADERS for invalid stream 103
[0728/221933.901:WARNING:spdy_session.cc(3365)] Received HEADERS for invalid stream 105
[0728/221933.901:WARNING:spdy_session.cc(3365)] Received HEADERS for invalid stream 95
[0728/221933.901:WARNING:spdy_session.cc(3365)] Received HEADERS for invalid stream 111
[0728/221933.901:WARNING:spdy_session.cc(3365)] Received HEADERS for invalid stream 113
[0728/221933.901:WARNING:spdy_session.cc(3365)] Received HEADERS for invalid stream 107
[0728/222043.502:ERROR:audio_rtp_receiver.cc(89)] AudioRtpReceiver::OnSetVolume: No audio channel exists.
[0728/222043.503:WARNING:used_ids.h(55)] Duplicate id found. Reassigning from 104 to 127
[0728/222043.503:WARNING:used_ids.h(55)] Duplicate id found. Reassigning from 102 to 125
[0728/222043.503:WARNING:used_ids.h(55)] Duplicate id found. Reassigning from 104 to 124
[0728/222043.503:WARNING:used_ids.h(55)] Duplicate id found. Reassigning from 106 to 123
[0728/222043.503:WARNING:used_ids.h(55)] Duplicate id found. Reassigning from 103 to 122
[0728/222043.503:WARNING:used_ids.h(55)] Duplicate id found. Reassigning from 105 to 121
[0728/222043.503:WARNING:used_ids.h(55)] Duplicate id found. Reassigning from 109 to 120
[0728/222043.503:WARNING:used_ids.h(55)] Duplicate id found. Reassigning from 1 to 14
[0728/222043.503:WARNING:used_ids.h(55)] Duplicate id found. Reassigning from 3 to 13
[0728/222043.503:WARNING:used_ids.h(55)] Duplicate id found. Reassigning from 5 to 12
[0728/222043.503:WARNING:used_ids.h(55)] Duplicate id found. Reassigning from 6 to 11
[0728/222055.864:ERROR:audio_rtp_receiver.cc(89)] AudioRtpReceiver::OnSetVolume: No audio channel exists.
[0728/222055.865:WARNING:used_ids.h(55)] Duplicate id found. Reassigning from 104 to 127
[0728/222055.865:WARNING:used_ids.h(55)] Duplicate id found. Reassigning from 102 to 125
[0728/222055.865:WARNING:used_ids.h(55)] Duplicate id found. Reassigning from 104 to 124
[0728/222055.865:WARNING:used_ids.h(55)] Duplicate id found. Reassigning from 106 to 123
[0728/222055.865:WARNING:used_ids.h(55)] Duplicate id found. Reassigning from 103 to 122
[0728/222055.865:WARNING:used_ids.h(55)] Duplicate id found. Reassigning from 105 to 121
[0728/222055.865:WARNING:used_ids.h(55)] Duplicate id found. Reassigning from 109 to 120
[0728/222055.865:WARNING:used_ids.h(55)] Duplicate id found. Reassigning from 1 to 14
[0728/222055.865:WARNING:used_ids.h(55)] Duplicate id found. Reassigning from 3 to 13
[0728/222055.865:WARNING:used_ids.h(55)] Duplicate id found. Reassigning from 5 to 12
[0728/222055.865:WARNING:used_ids.h(55)] Duplicate id found. Reassigning from 6 to 11
[0728/222523.463:ERROR:batching_media_log.cc(38)] MediaEvent: {"error":"FFmpegDemuxer: no supported streams"}
[0728/222523.463:ERROR:batching_media_log.cc(35)] MediaEvent: {"pipeline_error":14}
[0728/222524.295:ERROR:batching_media_log.cc(38)] MediaEvent: {"error":"FFmpegDemuxer: no supported streams"}
[0728/222524.295:ERROR:batching_media_log.cc(35)] MediaEvent: {"pipeline_error":14}
[0728/234055.073:WARNING:value_store_frontend.cc(44)] Reading mhjfbmdgcfjbbpaeojofohoefgiehjai.alarms from  failed: IO error: .../MANIFEST-000001: Unable to create sequential file (ChromeMethodBFE: 7::NewSequentialFile::1)
[0728/234623.794:WARNING:spdy_session.cc(3365)] Received HEADERS for invalid stream 315
[0728/234623.794:WARNING:spdy_session.cc(3365)] Received HEADERS for invalid stream 317
[0728/235054.208:WARNING:value_store_frontend.cc(44)] Reading mhjfbmdgcfjbbpaeojofohoefgiehjai.alarms from  failed: IO error: .../MANIFEST-000001: Unable to create sequential file (ChromeMethodBFE: 7::NewSequentialFile::1)
[0729/120600.691:WARNING:value_store_frontend.cc(44)] Reading mhjfbmdgcfjbbpaeojofohoefgiehjai.alarms from  failed: IO error: .../MANIFEST-000001: Unable to create sequential file (ChromeMethodBFE: 7::NewSequentialFile::1)
[0729/120611.506:WARNING:spdy_session.cc(3365)] Received HEADERS for invalid stream 1
[0729/120611.506:WARNING:spdy_session.cc(3365)] Received HEADERS for invalid stream 3
[0729/120611.506:WARNING:spdy_session.cc(3365)] Received HEADERS for invalid stream 5
[0729/120611.506:WARNING:spdy_session.cc(3365)] Received HEADERS for invalid stream 7
[0729/120611.508:WARNING:spdy_session.cc(3365)] Received HEADERS for invalid stream 9
[0729/120611.508:WARNING:spdy_session.cc(3365)] Received HEADERS for invalid stream 19
[0729/120611.509:WARNING:spdy_session.cc(3365)] Received HEADERS for invalid stream 13
[0729/120611.511:WARNING:spdy_session.cc(3365)] Received HEADERS for invalid stream 15
[0729/120611.511:WARNING:spdy_session.cc(3365)] Received HEADERS for invalid stream 17
[0729/120611.511:WARNING:spdy_session.cc(3365)] Received HEADERS for invalid stream 21
[0729/120611.511:WARNING:spdy_session.cc(3365)] Received HEADERS for invalid stream 23
[0729/120611.515:WARNING:spdy_session.cc(3365)] Received HEADERS for invalid stream 11
[0729/120611.515:WARNING:spdy_session.cc(3365)] Received HEADERS for invalid stream 31
[0729/120611.515:WARNING:spdy_session.cc(3365)] Received HEADERS for invalid stream 27
[0729/120611.515:WARNING:spdy_session.cc(3365)] Received HEADERS for invalid stream 29
[0729/120611.515:WARNING:spdy_session.cc(3365)] Received HEADERS for invalid stream 25
[0729/152634.741:WARNING:value_store_frontend.cc(44)] Reading mhjfbmdgcfjbbpaeojofohoefgiehjai.alarms from  failed: IO error: .../MANIFEST-000001: Unable to create sequential file (ChromeMethodBFE: 7::NewSequentialFile::1)
[0729/161819.537:WARNING:gpu_process_host.cc(1230)] The GPU process has crashed 1 time(s)
[0729/161854.418:WARNING:value_store_frontend.cc(44)] Reading mhjfbmdgcfjbbpaeojofohoefgiehjai.alarms from  failed: IO error: .../MANIFEST-000001: Unable to create sequential file (ChromeMethodBFE: 7::NewSequentialFile::1)
[0729/190938.237:WARNING:value_store_frontend.cc(44)] Reading mhjfbmdgcfjbbpaeojofohoefgiehjai.alarms from  failed: IO error: .../MANIFEST-000001: Unable to create sequential file (ChromeMethodBFE: 7::NewSequentialFile::1)
[0729/190939.525:ERROR:ssl_client_socket_impl.cc(959)] handshake failed; returned -1, SSL error code 1, net_error -100
[0729/193100.866:ERROR:entry_impl.cc(1076)] No file for 800007ca
[0729/193102.050:WARNING:value_store_frontend.cc(44)] Reading mhjfbmdgcfjbbpaeojofohoefgiehjai.alarms from  failed: IO error: .../MANIFEST-000001: Unable to create sequential file (ChromeMethodBFE: 7::NewSequentialFile::1)
[0729/193102.545:ERROR:ssl_client_socket_impl.cc(959)] handshake failed; returned -1, SSL error code 1, net_error -100
[0729/193103.218:ERROR:backend_impl.cc(1041)] Critical error found -8
[0729/193103.218:ERROR:entry_impl.cc(1076)] No file for c10300e2
[0729/193103.220:WARNING:storage_block-inl.h(146)] Failed data load.
[0729/193105.050:ERROR:ssl_client_socket_impl.cc(959)] handshake failed; returned -1, SSL error code 1, net_error -100
[0729/193105.475:ERROR:ssl_client_socket_impl.cc(959)] handshake failed; returned -1, SSL error code 1, net_error -100
